0 verbose cli [
0 verbose cli   '/usr/local/bin/node',
0 verbose cli   '/usr/local/bin/npm',
0 verbose cli   'install',
0 verbose cli   '--cache-min',
0 verbose cli   '86400'
0 verbose cli ]
1 info using npm@7.9.0
2 info using node@v14.15.4
3 timing npm:load:whichnode Completed in 2ms
4 timing config:load:defaults Completed in 1ms
5 timing config:load:file:/usr/local/lib/node_modules/npm/npmrc Completed in 1ms
6 timing config:load:builtin Completed in 1ms
7 verbose config cache-min This option has been deprecated in favor of `--prefer-offline`.
8 timing config:load:cli Completed in 2ms
9 timing config:load:env Completed in 0ms
10 timing config:load:project Completed in 1ms
11 timing config:load:file:/Users/MagNor/.npmrc Completed in 1ms
12 timing config:load:user Completed in 1ms
13 timing config:load:file:/usr/local/etc/npmrc Completed in 0ms
14 timing config:load:global Completed in 0ms
15 timing config:load:validate Completed in 1ms
16 timing config:load:setEnvs Completed in 1ms
17 timing config:load Completed in 8ms
18 timing npm:load:configload Completed in 8ms
19 timing npm:load:setTitle Completed in 0ms
20 timing npm:load:setupLog Completed in 1ms
21 timing npm:load:cleanupLog Completed in 2ms
22 timing npm:load:configScope Completed in 0ms
23 timing npm:load:projectScope Completed in 1ms
24 timing npm:load Completed in 15ms
25 timing config:load:flatten Completed in 2ms
26 timing arborist:ctor Completed in 1ms
27 timing idealTree:init Completed in 204ms
28 timing idealTree:userRequests Completed in 0ms
29 silly idealTree buildDeps
30 silly fetch manifest @angular/cli@~11.0.6
31 http fetch GET 200 https://registry.npmjs.org/@angular%2fcli 38ms (from cache)
32 silly fetch manifest @angular/compiler-cli@^11.0.8
33 http fetch GET 200 https://registry.npmjs.org/@angular%2fcompiler-cli 103ms (from cache)
34 silly fetch manifest @angular/compiler@^11.0.8
35 http fetch GET 200 https://registry.npmjs.org/@angular%2fcompiler 43ms (from cache)
36 silly fetch manifest typescript@~4.0.5
37 http fetch GET 200 https://registry.npmjs.org/typescript 16ms (from cache)
38 silly fetch manifest @angular/language-service@^11.0.8
39 http fetch GET 200 https://registry.npmjs.org/@angular%2flanguage-service 5ms (from cache)
40 silly fetch manifest @angular-devkit/build-angular@^0.1100.6
41 http fetch GET 200 https://registry.npmjs.org/@angular-devkit%2fbuild-angular 7ms (from cache)
42 silly fetch manifest @angular/localize@^11.0.8
43 http fetch GET 200 https://registry.npmjs.org/@angular%2flocalize 178ms
44 silly fetch manifest karma@~5.1.1
45 http fetch GET 200 https://registry.npmjs.org/karma 10ms (from cache)
46 silly fetch manifest ng-packagr@^11.0.0
47 http fetch GET 200 https://registry.npmjs.org/ng-packagr 63ms
48 silly fetch manifest tslib@^2.0.1
49 http fetch GET 200 https://registry.npmjs.org/tslib 3ms (from cache)
50 silly fetch manifest protractor@~7.0.0
51 http fetch GET 200 https://registry.npmjs.org/protractor 4ms (from cache)
52 silly fetch manifest tslint@~6.1.0
53 http fetch GET 200 https://registry.npmjs.org/tslint 4ms (from cache)
54 silly fetch manifest @biesbjerg/ngx-translate-extract@^7.0.3
55 http fetch GET 200 https://registry.npmjs.org/@biesbjerg%2fngx-translate-extract 5ms (from cache)
56 silly fetch manifest @biesbjerg/ngx-translate-extract-marker@^1.0.0
57 http fetch GET 200 https://registry.npmjs.org/@biesbjerg%2fngx-translate-extract-marker 1490ms
58 silly fetch manifest @ngx-rocket/scripts@^5.0.0
59 http fetch GET 200 https://registry.npmjs.org/@ngx-rocket%2fscripts 7ms (from cache)
60 silly fetch manifest @ngneat/until-destroy@^8.0.3
61 http fetch GET 200 https://registry.npmjs.org/@ngneat%2funtil-destroy 1681ms
62 silly fetch manifest @angular/core@^11.0.8
63 http fetch GET 200 https://registry.npmjs.org/@angular%2fcore 5ms (from cache)
64 silly fetch manifest rxjs@^6.6.3
65 http fetch GET 200 https://registry.npmjs.org/rxjs 4ms (from cache)
66 silly fetch manifest zone.js@~0.10.3
67 http fetch GET 200 https://registry.npmjs.org/zone.js 7ms (from cache)
68 silly fetch manifest @types/jasmine@^3.6.2
69 http fetch GET 200 https://registry.npmjs.org/@types%2fjasmine 5ms (from cache)
70 silly fetch manifest @types/jasminewd2@^2.0.8
71 http fetch GET 200 https://registry.npmjs.org/@types%2fjasminewd2 4ms (from cache)
72 silly fetch manifest @types/node@^12.19.12
73 http fetch GET 200 https://registry.npmjs.org/@types%2fnode 7ms (from cache)
74 silly fetch manifest @types/lodash@^4.14.165
75 http fetch GET 200 https://registry.npmjs.org/@types%2flodash 7ms (from cache)
76 silly fetch manifest codelyzer@^6.0.1
77 http fetch GET 200 https://registry.npmjs.org/codelyzer 4ms (from cache)
78 silly fetch manifest hads@^3.0.0
79 http fetch GET 200 https://registry.npmjs.org/hads 4ms (from cache)
80 silly fetch manifest htmlhint@^0.14.2
81 http fetch GET 200 https://registry.npmjs.org/htmlhint 5ms (from cache)
82 silly fetch manifest https-proxy-agent@^5.0.0
83 http fetch GET 200 https://registry.npmjs.org/https-proxy-agent 4ms (from cache)
84 silly fetch manifest jasmine-core@~3.6.0
85 http fetch GET 200 https://registry.npmjs.org/jasmine-core 3ms (from cache)
86 silly fetch manifest jasmine-spec-reporter@~6.0.0
87 http fetch GET 200 https://registry.npmjs.org/jasmine-spec-reporter 4ms (from cache)
88 silly fetch manifest karma-chrome-launcher@~3.1.0
89 http fetch GET 200 https://registry.npmjs.org/karma-chrome-launcher 3ms (from cache)
90 silly fetch manifest karma-coverage-istanbul-reporter@~3.0.3
91 http fetch GET 200 https://registry.npmjs.org/karma-coverage-istanbul-reporter 3ms (from cache)
92 silly fetch manifest karma-jasmine@~4.0.1
93 http fetch GET 200 https://registry.npmjs.org/karma-jasmine 3ms (from cache)
94 silly fetch manifest karma-jasmine-html-reporter@^1.5.4
95 http fetch GET 200 https://registry.npmjs.org/karma-jasmine-html-reporter 5ms (from cache)
96 silly fetch manifest karma-junit-reporter@^2.0.1
97 http fetch GET 200 https://registry.npmjs.org/karma-junit-reporter 4ms (from cache)
98 silly fetch manifest prettier@^2.2.1
99 http fetch GET 200 https://registry.npmjs.org/prettier 4ms (from cache)
100 silly fetch manifest tslint-config-prettier@^1.18.0
101 http fetch GET 200 https://registry.npmjs.org/tslint-config-prettier 927ms
102 silly fetch manifest stylelint-config-prettier@^8.0.2
103 http fetch GET 200 https://registry.npmjs.org/stylelint-config-prettier 43ms
104 silly fetch manifest stylelint@~13.8.0
105 http fetch GET 200 https://registry.npmjs.org/stylelint 6ms (from cache)
106 silly fetch manifest stylelint@>=11.0.0
107 timing idealTree Completed in 5139ms
108 timing command:install Completed in 5146ms
109 verbose stack Error: unable to resolve dependency tree
109 verbose stack     at Arborist.[failPeerConflict] (/usr/local/lib/node_modules/npm/node_modules/@npmcli/arborist/lib/arborist/build-ideal-tree.js:1210:25)
109 verbose stack     at Arborist.[loadPeerSet] (/usr/local/lib/node_modules/npm/node_modules/@npmcli/arborist/lib/arborist/build-ideal-tree.js:1187:34)
109 verbose stack     at async Arborist.[buildDepStep] (/usr/local/lib/node_modules/npm/node_modules/@npmcli/arborist/lib/arborist/build-ideal-tree.js:891:11)
109 verbose stack     at async Arborist.buildIdealTree (/usr/local/lib/node_modules/npm/node_modules/@npmcli/arborist/lib/arborist/build-ideal-tree.js:217:7)
109 verbose stack     at async Promise.all (index 1)
109 verbose stack     at async Arborist.reify (/usr/local/lib/node_modules/npm/node_modules/@npmcli/arborist/lib/arborist/reify.js:134:5)
109 verbose stack     at async Install.install (/usr/local/lib/node_modules/npm/lib/install.js:137:5)
110 verbose cwd /Users/MagNor
111 verbose Darwin 20.3.0
112 verbose argv "/usr/local/bin/node" "/usr/local/bin/npm" "install" "--cache-min" "86400"
113 verbose node v14.15.4
114 verbose npm  v7.9.0
115 error code ERESOLVE
116 error ERESOLVE unable to resolve dependency tree
117 error
118 error While resolving: [1mdice-poker-app[22m@[1m1.0.0[22m
118 error Found: [1mstylelint[22m@[1mundefined[22m[2m[22m
118 error [2mnode_modules/stylelint[22m
118 error   [33mdev[39m [1mstylelint[22m@"[1m~13.8.0[22m" from the root project
118 error
118 error Could not resolve dependency:
118 error [35mpeer[39m [1mstylelint[22m@"[1m>=11.0.0[22m" from [1mstylelint-config-prettier[22m@[1m8.0.2[22m[2m[22m
118 error [2mnode_modules/stylelint-config-prettier[22m
118 error   [33mdev[39m [1mstylelint-config-prettier[22m@"[1m^8.0.2[22m" from the root project
118 error
118 error Fix the upstream dependency conflict, or retry
118 error this command with --force, or --legacy-peer-deps
118 error to accept an incorrect (and potentially broken) dependency resolution.
118 error
118 error See /Users/MagNor/.npm/eresolve-report.txt for a full report.
119 verbose exit 1
