0 info it worked if it ends with ok
1 verbose cli [ '/usr/local/bin/node', '/usr/local/bin/npm', 'run', 'start:dev' ]
2 info using npm@6.14.8
3 info using node@v12.18.3
4 verbose config Skipping project config: /Users/MagNor/.npmrc. (matches userconfig)
5 verbose stack Error: missing script: start:dev
5 verbose stack
5 verbose stack Did you mean this?
5 verbose stack     start
5 verbose stack     at run (/usr/local/lib/node_modules/npm/lib/run-script.js:155:19)
5 verbose stack     at /usr/local/lib/node_modules/npm/lib/run-script.js:63:5
5 verbose stack     at /usr/local/lib/node_modules/npm/node_modules/read-package-json/read-json.js:116:5
5 verbose stack     at /usr/local/lib/node_modules/npm/node_modules/read-package-json/read-json.js:436:5
5 verbose stack     at checkBinReferences_ (/usr/local/lib/node_modules/npm/node_modules/read-package-json/read-json.js:391:45)
5 verbose stack     at final (/usr/local/lib/node_modules/npm/node_modules/read-package-json/read-json.js:434:3)
5 verbose stack     at then (/usr/local/lib/node_modules/npm/node_modules/read-package-json/read-json.js:161:5)
5 verbose stack     at /usr/local/lib/node_modules/npm/node_modules/read-package-json/read-json.js:281:12
5 verbose stack     at /usr/local/lib/node_modules/npm/node_modules/graceful-fs/graceful-fs.js:123:16
5 verbose stack     at FSReqCallback.readFileAfterClose [as oncomplete] (internal/fs/read_file_context.js:63:3)
6 verbose cwd /Users/MagNor/Repos/Heimstaden/heim-middleware
7 verbose Darwin 19.6.0
8 verbose argv "/usr/local/bin/node" "/usr/local/bin/npm" "run" "start:dev"
9 verbose node v12.18.3
10 verbose npm  v6.14.8
11 error missing script: start:dev
11 error
11 error Did you mean this?
11 error     start
12 verbose exit [ 1, true ]
